#
# A fatal error has been detected by the Java Runtime Environment:
#
#  EXCEPTION_ACCESS_VIOLATION (0xc0000005) at pc=0x000000005872eba1, pid=110320, tid=0x000000000001ac90
#
# JRE version: Java(TM) SE Runtime Environment (8.0_162-b12) (build 1.8.0_162-b12)
# Java VM: Java HotSpot(TM) 64-Bit Server VM (25.162-b12 mixed mode windows-amd64 compressed oops)
# Problematic frame:
# C  [jfxwebkit.dll+0x53eba1]
#
# Failed to write core dump. Minidumps are not enabled by default on client versions of Windows
#
# If you would like to submit a bug report, please visit:
#   http://bugreport.java.com/bugreport/crash.jsp
# The crash happened outside the Java Virtual Machine in native code.
# See problematic frame for where to report the bug.
#

---------------  T H R E A D  ---------------

Current thread (0x000000001bb2c800):  JavaThread "JavaFX Application Thread" [_thread_in_native, id=109712, stack(0x000000001e0d0000,0x000000001e1d0000)]

siginfo: ExceptionCode=0xc0000005, reading address 0x00000000000000a0

Registers:
RAX=0x0000569f9ec79ba2, RBX=0x000000001e1cbe00, RCX=0x0000000000000000, RDX=0x000000001e1cbe00
RSP=0x000000001e1cbd70, RBP=0x000000001e1cc030, RSI=0x0000000024e7c7b0, RDI=0x0000000024eaf6f0
R8 =0x0000000000403900, R9 =0x0000000000008000, R10=0x000000002b9b3460, R11=0x0000000000000000
R12=0x000000001e1cbfe0, R13=0x0000000000000000, R14=0x000000001e1cbf90, R15=0x000000001e1cbfe0
RIP=0x000000005872eba1, EFLAGS=0x0000000000010202

Top of Stack: (sp=0x000000001e1cbd70)
0x000000001e1cbd70:   000000001e1cbfe0 000000001e1cbf90
0x000000001e1cbd80:   0000000024e7c090 0000000000000004
0x000000001e1cbd90:   000000001e1cbfe0 0000000000000000
0x000000001e1cbda0:   0000000024e7c7b0 00007ffccc02e52b
0x000000001e1cbdb0:   000000001e1cbfe0 000000001e1cbf90
0x000000001e1cbdc0:   0000000024e7c090 000000001e1cbfe0
0x000000001e1cbdd0:   0000000024eaf6f0 00000000588d5617
0x000000001e1cbde0:   000000001e1cbe80 000000001e1cc030
0x000000001e1cbdf0:   0000000024e7c7b0 0000000000000000
0x000000001e1cbe00:   0000000000000000 0000000000000000
0x000000001e1cbe10:   000000002b9b4ef0 0000569f9ec79ba2
0x000000001e1cbe20:   0000000024eaf6f0 00000000588d36a0
0x000000001e1cbe30:   0000000024e56e10 000000001e1cbe80
0x000000001e1cbe40:   000000001e1cc030 0000000024e7c7b0
0x000000001e1cbe50:   0000000024e7c090 00000000583b50d7
0x000000001e1cbe60:   0000000024eaf6f0 0000000000000000 

Instructions: (pc=0x000000005872eba1)
0x000000005872eb81:   54 41 55 41 56 41 57 48 83 ec 40 48 c7 02 00 00
0x000000005872eb91:   00 00 48 8b da 48 c7 42 08 00 00 00 00 4c 8b e9
0x000000005872eba1:   48 8b 91 a0 00 00 00 44 8b a1 ac 00 00 00 49 c1
0x000000005872ebb1:   e4 04 4c 03 e2 49 3b d4 0f 84 ca 00 00 00 90 4c 


Register to memory mapping:

RAX=0x0000569f9ec79ba2 is an unknown value
RBX=0x000000001e1cbe00 is pointing into the stack for thread: 0x000000001bb2c800
RCX=0x0000000000000000 is an unknown value
RDX=0x000000001e1cbe00 is pointing into the stack for thread: 0x000000001bb2c800
RSP=0x000000001e1cbd70 is pointing into the stack for thread: 0x000000001bb2c800
RBP=0x000000001e1cc030 is pointing into the stack for thread: 0x000000001bb2c800
RSI=0x0000000024e7c7b0 is an unknown value
RDI=0x0000000024eaf6f0 is an unknown value
R8 =0x0000000000403900 is an unknown value
R9 =0x0000000000008000 is an unknown value
R10=0x000000002b9b3460 is an unknown value
R11=0x0000000000000000 is an unknown value
R12=0x000000001e1cbfe0 is pointing into the stack for thread: 0x000000001bb2c800
R13=0x0000000000000000 is an unknown value
R14=0x000000001e1cbf90 is pointing into the stack for thread: 0x000000001bb2c800
R15=0x000000001e1cbfe0 is pointing into the stack for thread: 0x000000001bb2c800


Stack: [0x000000001e0d0000,0x000000001e1d0000],  sp=0x000000001e1cbd70,  free space=1007k
Native frames: (J=compiled Java code, j=interpreted, Vv=VM code, C=native code)
C  [jfxwebkit.dll+0x53eba1]
C  [jfxwebkit.dll+0x6e5617]
C  [jfxwebkit.dll+0x6e36a0]
C  [jfxwebkit.dll+0x1c50d7]
C  [jfxwebkit.dll+0x6e576b]
C  [jfxwebkit.dll+0x472f16]
C  [jfxwebkit.dll+0x870498]
C  0x00000000024d8c67

Java frames: (J=compiled Java code, j=interpreted, Vv=VM code)
j  com.sun.webkit.WebPage.twkProcessMouseWheelEvent(JIIIIFFZZZZD)Z+0
j  com.sun.webkit.WebPage.dispatchMouseWheelEvent(Lcom/sun/webkit/event/WCMouseWheelEvent;)Z+112
j  javafx.scene.web.WebView.processScrollEvent(Ljavafx/scene/input/ScrollEvent;)V+100
j  javafx.scene.web.WebView.lambda$registerEventHandlers$33(Ljavafx/scene/input/ScrollEvent;)V+2
j  javafx.scene.web.WebView$$Lambda$107.handle(Ljavafx/event/Event;)V+8
J 3431 C1 com.sun.javafx.event.CompositeEventHandler$NormalEventHandlerRecord.handleBubblingEvent(Ljavafx/event/Event;)V (11 bytes) @ 0x00000000028d5b0c [0x00000000028d5a00+0x10c]
J 3100 C1 com.sun.javafx.event.CompositeEventHandler.dispatchBubblingEvent(Ljavafx/event/Event;)V (57 bytes) @ 0x0000000002deaf4c [0x0000000002dead00+0x24c]
J 3027 C1 com.sun.javafx.event.EventHandlerManager.dispatchBubblingEvent(Ljavafx/event/Event;)Ljavafx/event/Event; (23 bytes) @ 0x0000000002daa464 [0x0000000002da9de0+0x684]
J 3026 C1 com.sun.javafx.event.CompositeEventDispatcher.dispatchBubblingEvent(Ljavafx/event/Event;)Ljavafx/event/Event; (35 bytes) @ 0x0000000002daaddc [0x0000000002daac20+0x1bc]
J 2852 C1 com.sun.javafx.event.BasicEventDispatcher.dispatchEvent(Ljavafx/event/Event;Ljavafx/event/EventDispatchChain;)Ljavafx/event/Event; (44 bytes) @ 0x0000000002d52ffc [0x0000000002d52cc0+0x33c]
J 2812 C1 com.sun.javafx.event.EventDispatchChainImpl.dispatchEvent(Ljavafx/event/Event;)Ljavafx/event/Event; (101 bytes) @ 0x0000000002d34c3c [0x0000000002d34a80+0x1bc]
J 2852 C1 com.sun.javafx.event.BasicEventDispatcher.dispatchEvent(Ljavafx/event/Event;Ljavafx/event/EventDispatchChain;)Ljavafx/event/Event; (44 bytes) @ 0x0000000002d52f14 [0x0000000002d52cc0+0x254]
J 2812 C1 com.sun.javafx.event.EventDispatchChainImpl.dispatchEvent(Ljavafx/event/Event;)Ljavafx/event/Event; (101 bytes) @ 0x0000000002d34c3c [0x0000000002d34a80+0x1bc]
J 2852 C1 com.sun.javafx.event.BasicEventDispatcher.dispatchEvent(Ljavafx/event/Event;Ljavafx/event/EventDispatchChain;)Ljavafx/event/Event; (44 bytes) @ 0x0000000002d52f14 [0x0000000002d52cc0+0x254]
J 2812 C1 com.sun.javafx.event.EventDispatchChainImpl.dispatchEvent(Ljavafx/event/Event;)Ljavafx/event/Event; (101 bytes) @ 0x0000000002d34c3c [0x0000000002d34a80+0x1bc]
J 3043 C1 com.sun.javafx.event.EventUtil.fireEvent(Ljavafx/event/EventTarget;Ljavafx/event/Event;)Ljavafx/event/Event; (81 bytes) @ 0x0000000002dbaf64 [0x0000000002dba820+0x744]
J 3042 C1 javafx.event.Event.fireEvent(Ljavafx/event/EventTarget;Ljavafx/event/Event;)V (35 bytes) @ 0x0000000002dbbfac [0x0000000002dbbee0+0xcc]
j  javafx.scene.Scene.processGestureEvent(Ljavafx/scene/input/GestureEvent;Ljavafx/scene/Scene$TouchGesture;)V+201
J 4143 C1 javafx.scene.Scene$ScenePeerListener.scrollEvent(Ljavafx/event/EventType;DDDDDDIIIIIDDDDZZZZZZ)V (407 bytes) @ 0x000000000309bf9c [0x000000000309a9c0+0x15dc]
J 3446 C1 com.sun.javafx.tk.quantum.EmbeddedScene.lambda$null$293(IIIIIIZZZZIZZZZ)Ljava/lang/Void; (139 bytes) @ 0x000000000298f4ec [0x000000000298f2e0+0x20c]
J 3445 C1 com.sun.javafx.tk.quantum.EmbeddedScene$$Lambda$203.run()Ljava/lang/Object; (68 bytes) @ 0x000000000298fe7c [0x000000000298fd00+0x17c]
v  ~StubRoutines::call_stub
J 978  java.security.AccessController.doPrivileged(Ljava/security/PrivilegedAction;Ljava/security/AccessControlContext;)Ljava/lang/Object; (0 bytes) @ 0x0000000002826766 [0x0000000002826700+0x66]
J 3442 C1 com.sun.javafx.tk.quantum.EmbeddedScene.lambda$mouseEvent$294(IIIIIIZZZZIZZZZ)V (42 bytes) @ 0x000000000299066c [0x0000000002990220+0x44c]
J 3081 C1 com.sun.javafx.tk.quantum.EmbeddedScene$$Lambda$202.run()V (68 bytes) @ 0x0000000002ddf57c [0x0000000002ddf400+0x17c]
J 2435 C1 com.sun.javafx.application.PlatformImpl$$Lambda$70.run()Ljava/lang/Object; (8 bytes) @ 0x0000000002c0704c [0x0000000002c06f00+0x14c]
v  ~StubRoutines::call_stub
J 978  java.security.AccessController.doPrivileged(Ljava/security/PrivilegedAction;Ljava/security/AccessControlContext;)Ljava/lang/Object; (0 bytes) @ 0x0000000002826766 [0x0000000002826700+0x66]
J 4010 C2 com.sun.glass.ui.InvokeLaterDispatcher$Future.run()V (91 bytes) @ 0x000000000306cac8 [0x000000000306c500+0x5c8]
v  ~StubRoutines::call_stub
j  com.sun.glass.ui.win.WinApplication._runLoop(Ljava/lang/Runnable;)V+0
j  com.sun.glass.ui.win.WinApplication.lambda$null$147(ILjava/lang/Runnable;)V+8
j  com.sun.glass.ui.win.WinApplication$$Lambda$56.run()V+12
j  java.lang.Thread.run()V+11
v  ~StubRoutines::call_stub

---------------  P R O C E S S  ---------------

Java Threads: ( => current thread )
  0x000000001bb2b800 JavaThread "Disposer" daemon [_thread_blocked, id=110584, stack(0x00000000276d0000,0x00000000277d0000)]
  0x000000001bb2d000 JavaThread "Prism Font Disposer" daemon [_thread_blocked, id=112416, stack(0x0000000026dd0000,0x0000000026ed0000)]
  0x000000001bb2e800 JavaThread "Thread-5" daemon [_thread_in_native, id=33736, stack(0x00000000251a0000,0x00000000252a0000)]
=>0x000000001bb2c800 JavaThread "JavaFX Application Thread" [_thread_in_native, id=109712, stack(0x000000001e0d0000,0x000000001e1d0000)]
  0x000000001b8f3800 JavaThread "Thread-4" daemon [_thread_blocked, id=104184, stack(0x000000001dfd0000,0x000000001e0d0000)]
  0x000000001ba75000 JavaThread "QuantumRenderer-0" daemon [_thread_blocked, id=111088, stack(0x000000001ddd0000,0x000000001ded0000)]
  0x00000000023c2800 JavaThread "DestroyJavaVM" [_thread_blocked, id=46144, stack(0x00000000022b0000,0x00000000023b0000)]
  0x000000001b700000 JavaThread "AWT-EventQueue-0" [_thread_in_native, id=114696, stack(0x000000001c150000,0x000000001c250000)]
  0x000000001b2ea800 JavaThread "AWT-Windows" daemon [_thread_in_native, id=113948, stack(0x000000001c030000,0x000000001c130000)]
  0x000000001b6a8800 JavaThread "AWT-Shutdown" [_thread_blocked, id=115392, stack(0x000000001bf30000,0x000000001c030000)]
  0x000000001b6a7800 JavaThread "Java2D Disposer" daemon [_thread_blocked, id=114908, stack(0x000000001be30000,0x000000001bf30000)]
  0x00000000195dd000 JavaThread "Service Thread" daemon [_thread_blocked, id=46104, stack(0x000000001b2f0000,0x000000001b3f0000)]
  0x0000000019593000 JavaThread "C1 CompilerThread2" daemon [_thread_blocked, id=111888, stack(0x000000001adf0000,0x000000001aef0000)]
  0x0000000019587000 JavaThread "C2 CompilerThread1" daemon [_thread_blocked, id=110448, stack(0x000000001acf0000,0x000000001adf0000)]
  0x000000001957e800 JavaThread "C2 CompilerThread0" daemon [_thread_blocked, id=19900, stack(0x000000001abf0000,0x000000001acf0000)]
  0x000000001957c000 JavaThread "Attach Listener" daemon [_thread_blocked, id=114452, stack(0x000000001aaf0000,0x000000001abf0000)]
  0x000000001957b000 JavaThread "Signal Dispatcher" daemon [_thread_blocked, id=107716, stack(0x000000001a9f0000,0x000000001aaf0000)]
  0x00000000024be000 JavaThread "Finalizer" daemon [_thread_blocked, id=115588, stack(0x000000001a800000,0x000000001a900000)]
  0x00000000024b2000 JavaThread "Reference Handler" daemon [_thread_blocked, id=115012, stack(0x000000001a700000,0x000000001a800000)]

Other Threads:
  0x0000000019547000 VMThread [stack: 0x000000001a600000,0x000000001a700000] [id=113716]
  0x000000001aefa800 WatcherThread [stack: 0x000000001b3f0000,0x000000001b4f0000] [id=115548]

VM state:not at safepoint (normal execution)

VM Mutex/Monitor currently owned by a thread: None

Heap:
 PSYoungGen      total 119296K, used 44560K [0x0000000780980000, 0x0000000789d00000, 0x00000007c0000000)
  eden space 88576K, 41% used [0x0000000780980000,0x0000000782d0bd70,0x0000000786000000)
  from space 30720K, 26% used [0x0000000787e00000,0x00000007885f8668,0x0000000789c00000)
  to   space 30720K, 0% used [0x0000000786000000,0x0000000786000000,0x0000000787e00000)
 ParOldGen       total 120320K, used 34049K [0x0000000701c00000, 0x0000000709180000, 0x0000000780980000)
  object space 120320K, 28% used [0x0000000701c00000,0x0000000703d40698,0x0000000709180000)
 Metaspace       used 27305K, capacity 28162K, committed 28288K, reserved 1073152K
  class space    used 3470K, capacity 3670K, committed 3712K, reserved 1048576K

Card table byte_map: [0x0000000011880000,0x0000000011e80000] byte_map_base: 0x000000000e072000

Marking Bits: (ParMarkBitMap*) 0x000000005bd70860
 Begin Bits: [0x0000000012680000, 0x0000000015610000)
 End Bits:   [0x0000000015610000, 0x00000000185a0000)

Polling page: 0x0000000000980000

CodeCache: size=245760Kb used=12284Kb max_used=12295Kb free=233475Kb
 bounds [0x00000000024c0000, 0x00000000030d0000, 0x00000000114c0000]
 total_blobs=4763 nmethods=3884 adapters=791
 compilation: enabled

Compilation events (10 events):
Event: 51.304 Thread 0x0000000019593000 4206       3       java.util.LinkedList::remove (77 bytes)
Event: 51.305 Thread 0x0000000019593000 nmethod 4206 0x00000000030c5490 code [0x00000000030c5640, 0x00000000030c5c48]
Event: 51.307 Thread 0x0000000019587000 4207       4       com.sun.javafx.text.TextRun::getWidth (93 bytes)
Event: 51.310 Thread 0x0000000019587000 nmethod 4207 0x00000000030c6bd0 code [0x00000000030c6d40, 0x00000000030c6ef8]
Event: 51.408 Thread 0x0000000019593000 4208       3       javafx.scene.Node::getScaleX (19 bytes)
Event: 51.408 Thread 0x000000001957e800 4210       4       com.sun.javafx.collections.ObservableListWrapper::get (11 bytes)
Event: 51.408 Thread 0x0000000019593000 nmethod 4208 0x00000000030c6390 code [0x00000000030c6540, 0x00000000030c6a48]
Event: 51.408 Thread 0x0000000019593000 4209       3       javafx.scene.Node::getScaleY (19 bytes)
Event: 51.408 Thread 0x0000000019593000 nmethod 4209 0x00000000030c6fd0 code [0x00000000030c7180, 0x00000000030c7688]
Event: 51.409 Thread 0x000000001957e800 nmethod 4210 0x00000000030c5fd0 code [0x00000000030c6120, 0x00000000030c6218]

GC Heap History (10 events):
Event: 1.334 GC heap before
{Heap before GC invocations=3 (full 1):
 PSYoungGen      total 57344K, used 8178K [0x0000000780980000, 0x0000000787980000, 0x00000007c0000000)
  eden space 49152K, 0% used [0x0000000780980000,0x0000000780980000,0x0000000783980000)
  from space 8192K, 99% used [0x0000000784180000,0x000000078497c928,0x0000000784980000)
  to   space 8192K, 0% used [0x0000000783980000,0x0000000783980000,0x0000000784180000)
 ParOldGen       total 131072K, used 25047K [0x0000000701c00000, 0x0000000709c00000, 0x0000000780980000)
  object space 131072K, 19% used [0x0000000701c00000,0x0000000703475c80,0x0000000709c00000)
 Metaspace       used 20511K, capacity 21168K, committed 21248K, reserved 1067008K
  class space    used 2820K, capacity 3021K, committed 3072K, reserved 1048576K
Event: 1.369 GC heap after
Heap after GC invocations=3 (full 1):
 PSYoungGen      total 57344K, used 0K [0x0000000780980000, 0x0000000787980000, 0x00000007c0000000)
  eden space 49152K, 0% used [0x0000000780980000,0x0000000780980000,0x0000000783980000)
  from space 8192K, 0% used [0x0000000784180000,0x0000000784180000,0x0000000784980000)
  to   space 8192K, 0% used [0x0000000783980000,0x0000000783980000,0x0000000784180000)
 ParOldGen       total 120320K, used 16882K [0x0000000701c00000, 0x0000000709180000, 0x0000000780980000)
  object space 120320K, 14% used [0x0000000701c00000,0x0000000702c7c940,0x0000000709180000)
 Metaspace       used 20511K, capacity 21168K, committed 21248K, reserved 1067008K
  class space    used 2820K, capacity 3021K, committed 3072K, reserved 1048576K
}
Event: 2.479 GC heap before
{Heap before GC invocations=4 (full 1):
 PSYoungGen      total 57344K, used 49152K [0x0000000780980000, 0x0000000787980000, 0x00000007c0000000)
  eden space 49152K, 100% used [0x0000000780980000,0x0000000783980000,0x0000000783980000)
  from space 8192K, 0% used [0x0000000784180000,0x0000000784180000,0x0000000784980000)
  to   space 8192K, 0% used [0x0000000783980000,0x0000000783980000,0x0000000784180000)
 ParOldGen       total 120320K, used 16882K [0x0000000701c00000, 0x0000000709180000, 0x0000000780980000)
  object space 120320K, 14% used [0x0000000701c00000,0x0000000702c7c940,0x0000000709180000)
 Metaspace       used 24277K, capacity 25026K, committed 25216K, reserved 1071104K
  class space    used 3234K, capacity 3434K, committed 3456K, reserved 1048576K
Event: 2.484 GC heap after
Heap after GC invocations=4 (full 1):
 PSYoungGen      total 57344K, used 8188K [0x0000000780980000, 0x0000000785f00000, 0x00000007c0000000)
  eden space 49152K, 0% used [0x0000000780980000,0x0000000780980000,0x0000000783980000)
  from space 8192K, 99% used [0x0000000783980000,0x000000078417f2b8,0x0000000784180000)
  to   space 8192K, 0% used [0x0000000785700000,0x0000000785700000,0x0000000785f00000)
 ParOldGen       total 120320K, used 23065K [0x0000000701c00000, 0x0000000709180000, 0x0000000780980000)
  object space 120320K, 19% used [0x0000000701c00000,0x0000000703286590,0x0000000709180000)
 Metaspace       used 24277K, capacity 25026K, committed 25216K, reserved 1071104K
  class space    used 3234K, capacity 3434K, committed 3456K, reserved 1048576K
}
Event: 32.325 GC heap before
{Heap before GC invocations=5 (full 1):
 PSYoungGen      total 57344K, used 57327K [0x0000000780980000, 0x0000000785f00000, 0x00000007c0000000)
  eden space 49152K, 99% used [0x0000000780980000,0x000000078397cc78,0x0000000783980000)
  from space 8192K, 99% used [0x0000000783980000,0x000000078417f2b8,0x0000000784180000)
  to   space 8192K, 0% used [0x0000000785700000,0x0000000785700000,0x0000000785f00000)
 ParOldGen       total 120320K, used 23065K [0x0000000701c00000, 0x0000000709180000, 0x0000000780980000)
  object space 120320K, 19% used [0x0000000701c00000,0x0000000703286590,0x0000000709180000)
 Metaspace       used 26574K, capacity 27436K, committed 27520K, reserved 1073152K
  class space    used 3449K, capacity 3663K, committed 3712K, reserved 1048576K
Event: 32.330 GC heap after
Heap after GC invocations=5 (full 1):
 PSYoungGen      total 75776K, used 8175K [0x0000000780980000, 0x0000000785f00000, 0x00000007c0000000)
  eden space 67584K, 0% used [0x0000000780980000,0x0000000780980000,0x0000000784b80000)
  from space 8192K, 99% used [0x0000000785700000,0x0000000785efbd08,0x0000000785f00000)
  to   space 8192K, 0% used [0x0000000784f00000,0x0000000784f00000,0x0000000785700000)
 ParOldGen       total 120320K, used 29683K [0x0000000701c00000, 0x0000000709180000, 0x0000000780980000)
  object space 120320K, 24% used [0x0000000701c00000,0x00000007038fcde0,0x0000000709180000)
 Metaspace       used 26574K, capacity 27436K, committed 27520K, reserved 1073152K
  class space    used 3449K, capacity 3663K, committed 3712K, reserved 1048576K
}
Event: 41.303 GC heap before
{Heap before GC invocations=6 (full 1):
 PSYoungGen      total 75776K, used 75759K [0x0000000780980000, 0x0000000785f00000, 0x00000007c0000000)
  eden space 67584K, 100% used [0x0000000780980000,0x0000000784b80000,0x0000000784b80000)
  from space 8192K, 99% used [0x0000000785700000,0x0000000785efbd08,0x0000000785f00000)
  to   space 8192K, 0% used [0x0000000784f00000,0x0000000784f00000,0x0000000785700000)
 ParOldGen       total 120320K, used 29683K [0x0000000701c00000, 0x0000000709180000, 0x0000000780980000)
  object space 120320K, 24% used [0x0000000701c00000,0x00000007038fcde0,0x0000000709180000)
 Metaspace       used 27234K, capacity 28034K, committed 28288K, reserved 1073152K
  class space    used 3470K, capacity 3670K, committed 3712K, reserved 1048576K
Event: 41.309 GC heap after
Heap after GC invocations=6 (full 1):
 PSYoungGen      total 79360K, used 8161K [0x0000000780980000, 0x0000000789c00000, 0x00000007c0000000)
  eden space 71168K, 0% used [0x0000000780980000,0x0000000780980000,0x0000000784f00000)
  from space 8192K, 99% used [0x0000000784f00000,0x00000007856f8668,0x0000000785700000)
  to   space 30720K, 0% used [0x0000000787e00000,0x0000000787e00000,0x0000000789c00000)
 ParOldGen       total 120320K, used 34041K [0x0000000701c00000, 0x0000000709180000, 0x0000000780980000)
  object space 120320K, 28% used [0x0000000701c00000,0x0000000703d3e698,0x0000000709180000)
 Metaspace       used 27234K, capacity 28034K, committed 28288K, reserved 1073152K
  class space    used 3470K, capacity 3670K, committed 3712K, reserved 1048576K
}
Event: 49.063 GC heap before
{Heap before GC invocations=7 (full 1):
 PSYoungGen      total 79360K, used 79329K [0x0000000780980000, 0x0000000789c00000, 0x00000007c0000000)
  eden space 71168K, 100% used [0x0000000780980000,0x0000000784f00000,0x0000000784f00000)
  from space 8192K, 99% used [0x0000000784f00000,0x00000007856f8668,0x0000000785700000)
  to   space 30720K, 0% used [0x0000000787e00000,0x0000000787e00000,0x0000000789c00000)
 ParOldGen       total 120320K, used 34041K [0x0000000701c00000, 0x0000000709180000, 0x0000000780980000)
  object space 120320K, 28% used [0x0000000701c00000,0x0000000703d3e698,0x0000000709180000)
 Metaspace       used 27263K, capacity 28098K, committed 28288K, reserved 1073152K
  class space    used 3470K, capacity 3670K, committed 3712K, reserved 1048576K
Event: 49.067 GC heap after
Heap after GC invocations=7 (full 1):
 PSYoungGen      total 119296K, used 8161K [0x0000000780980000, 0x0000000789d00000, 0x00000007c0000000)
  eden space 88576K, 0% used [0x0000000780980000,0x0000000780980000,0x0000000786000000)
  from space 30720K, 26% used [0x0000000787e00000,0x00000007885f8668,0x0000000789c00000)
  to   space 30720K, 0% used [0x0000000786000000,0x0000000786000000,0x0000000787e00000)
 ParOldGen       total 120320K, used 34049K [0x0000000701c00000, 0x0000000709180000, 0x0000000780980000)
  object space 120320K, 28% used [0x0000000701c00000,0x0000000703d40698,0x0000000709180000)
 Metaspace       used 27263K, capacity 28098K, committed 28288K, reserved 1073152K
  class space    used 3470K, capacity 3670K, committed 3712K, reserved 1048576K
}

Deoptimization events (10 events):
Event: 3.080 Thread 0x000000001ba75000 Uncommon trap: reason=predicate action=maybe_recompile pc=0x00000000028ee130 method=java.util.Arrays.binarySearch0([Ljava/lang/Object;IILjava/lang/Object;Ljava/util/Comparator;)I @ 28
Event: 3.225 Thread 0x000000001bb2e000 Uncommon trap: reason=predicate action=maybe_recompile pc=0x0000000002b43810 method=java.util.regex.Pattern$SliceI.match(Ljava/util/regex/Matcher;ILjava/lang/CharSequence;)Z @ 21
Event: 36.589 Thread 0x000000001bb2c800 Uncommon trap: reason=bimorphic action=maybe_recompile pc=0x0000000002ace910 method=java.util.regex.Pattern$BmpCharProperty.match(Ljava/util/regex/Matcher;ILjava/lang/CharSequence;)Z @ 16
Event: 36.589 Thread 0x000000001bb2c800 Uncommon trap: reason=bimorphic action=maybe_recompile pc=0x0000000002ace910 method=java.util.regex.Pattern$BmpCharProperty.match(Ljava/util/regex/Matcher;ILjava/lang/CharSequence;)Z @ 16
Event: 36.589 Thread 0x000000001bb2c800 Uncommon trap: reason=bimorphic action=maybe_recompile pc=0x0000000002ace910 method=java.util.regex.Pattern$BmpCharProperty.match(Ljava/util/regex/Matcher;ILjava/lang/CharSequence;)Z @ 16
Event: 36.907 Thread 0x000000001b700000 Uncommon trap: reason=unstable_if action=reinterpret pc=0x0000000002fdbff4 method=java.awt.EventQueue.postEvent(Ljava/awt/AWTEvent;I)V @ 6
Event: 38.067 Thread 0x000000001b700000 Uncommon trap: reason=unstable_if action=reinterpret pc=0x0000000003030258 method=java.awt.EventQueue.getPriority(Ljava/awt/AWTEvent;)I @ 71
Event: 38.075 Thread 0x000000001b700000 Uncommon trap: reason=unstable_if action=reinterpret pc=0x0000000003006570 method=java.awt.EventQueue.getPriority(Ljava/awt/AWTEvent;)I @ 71
Event: 38.082 Thread 0x000000001b700000 Uncommon trap: reason=unstable_if action=reinterpret pc=0x0000000003021e48 method=java.awt.EventQueue.getPriority(Ljava/awt/AWTEvent;)I @ 71
Event: 38.103 Thread 0x000000001b700000 Uncommon trap: reason=unstable_if action=reinterpret pc=0x0000000002efa498 method=java.awt.Container.getMouseEventTargetImpl(IIZLjava/awt/Container$EventTargetFilter;ZZ)Ljava/awt/Component; @ 218

Classes redefined (0 events):
No events

Internal exceptions (10 events):
Event: 1.111 Thread 0x000000001bb2c800 Exception <a 'sun/nio/fs/WindowsException'> (0x0000000783745580) thrown at [C:\re\workspace\8-2-build-windows-amd64-cygwin\jdk8u162\10278\hotspot\src\share\vm\prims\jni.cpp, line 709]
Event: 1.115 Thread 0x000000001bb2c800 Exception <a 'sun/nio/fs/WindowsException'> (0x00000007837472c0) thrown at [C:\re\workspace\8-2-build-windows-amd64-cygwin\jdk8u162\10278\hotspot\src\share\vm\prims\jni.cpp, line 709]
Event: 1.585 Thread 0x000000001bb2c800 Exception <a 'java/io/IOException': Improper call to JPEG library in state 200> (0x0000000781c32398) thrown at [C:\re\workspace\8-2-build-windows-amd64-cygwin\jdk8u162\10278\hotspot\src\share\vm\prims\jni.cpp, line 735]
Event: 2.901 Thread 0x000000001bb2c800 Exception <a 'java/io/FileNotFoundException'> (0x0000000780a81990) thrown at [C:\re\workspace\8-2-build-windows-amd64-cygwin\jdk8u162\10278\hotspot\src\share\vm\prims\jni.cpp, line 709]
Event: 2.901 Thread 0x000000001bb2c800 Exception <a 'java/io/FileNotFoundException'> (0x0000000780a82ab0) thrown at [C:\re\workspace\8-2-build-windows-amd64-cygwin\jdk8u162\10278\hotspot\src\share\vm\prims\jni.cpp, line 709]
Event: 2.902 Thread 0x000000001bb2c800 Exception <a 'java/io/FileNotFoundException'> (0x0000000780a884b0) thrown at [C:\re\workspace\8-2-build-windows-amd64-cygwin\jdk8u162\10278\hotspot\src\share\vm\prims\jni.cpp, line 709]
Event: 2.902 Thread 0x000000001bb2c800 Exception <a 'java/io/FileNotFoundException'> (0x0000000780a89540) thrown at [C:\re\workspace\8-2-build-windows-amd64-cygwin\jdk8u162\10278\hotspot\src\share\vm\prims\jni.cpp, line 709]
Event: 2.939 Thread 0x000000001bb2c800 Exception <a 'java/io/IOException': Improper call to JPEG library in state 200> (0x00000007812b2850) thrown at [C:\re\workspace\8-2-build-windows-amd64-cygwin\jdk8u162\10278\hotspot\src\share\vm\prims\jni.cpp, line 735]
Event: 35.013 Thread 0x000000001bb2c800 Exception <a 'java/io/IOException': Improper call to JPEG library in state 200> (0x0000000781ea0550) thrown at [C:\re\workspace\8-2-build-windows-amd64-cygwin\jdk8u162\10278\hotspot\src\share\vm\prims\jni.cpp, line 735]
Event: 49.730 Thread 0x000000001bb2c800 Exception <a 'java/io/IOException': Improper call to JPEG library in state 200> (0x0000000781f584e8) thrown at [C:\re\workspace\8-2-build-windows-amd64-cygwin\jdk8u162\10278\hotspot\src\share\vm\prims\jni.cpp, line 735]

Events (10 events):
Event: 41.725 Thread 0x0000000019593000 flushing nmethod 0x0000000002cbd9d0
Event: 41.725 Thread 0x0000000019593000 flushing nmethod 0x0000000002ce0250
Event: 41.726 Thread 0x0000000019593000 flushing nmethod 0x0000000002d2bfd0
Event: 41.726 Thread 0x0000000019593000 flushing nmethod 0x0000000002d2c310
Event: 43.762 Thread 0x000000001b700000 DEOPT PACKING pc=0x000000000307f12f sp=0x000000001c24f0b0
Event: 43.762 Thread 0x000000001b700000 DEOPT UNPACKING pc=0x0000000002507890 sp=0x000000001c24ee50 mode 0
Event: 49.063 Executing VM operation: ParallelGCFailedAllocation
Event: 49.067 Executing VM operation: ParallelGCFailedAllocation done
Event: 50.780 Thread 0x000000001bb2e000 Thread added: 0x000000001bb2e000
Event: 50.780 Thread 0x000000001bb2e000 Thread exited: 0x000000001bb2e000


Dynamic libraries:
0x00007ff69f840000 - 0x00007ff69f877000 	C:\Program Files\Java\jdk1.8.0_162\jre\bin\java.exe
0x00007ffccf970000 - 0x00007ffccfb51000 	C:\WINDOWS\SYSTEM32\ntdll.dll
0x00007ffccd370000 - 0x00007ffccd422000 	C:\WINDOWS\System32\KERNEL32.DLL
0x00007ffccc3a0000 - 0x00007ffccc613000 	C:\WINDOWS\System32\KERNELBASE.dll
0x00007ffccf790000 - 0x00007ffccf831000 	C:\WINDOWS\System32\ADVAPI32.dll
0x00007ffccf5d0000 - 0x00007ffccf66e000 	C:\WINDOWS\System32\msvcrt.dll
0x00007ffccd540000 - 0x00007ffccd59b000 	C:\WINDOWS\System32\sechost.dll
0x00007ffccce00000 - 0x00007ffcccf24000 	C:\WINDOWS\System32\RPCRT4.dll
0x00007ffccd020000 - 0x00007ffccd1b0000 	C:\WINDOWS\System32\USER32.dll
0x00007ffcccde0000 - 0x00007ffccce00000 	C:\WINDOWS\System32\win32u.dll
0x00007ffccd430000 - 0x00007ffccd458000 	C:\WINDOWS\System32\GDI32.dll
0x00007ffccc120000 - 0x00007ffccc2b2000 	C:\WINDOWS\System32\gdi32full.dll
0x00007ffccbf80000 - 0x00007ffccc01f000 	C:\WINDOWS\System32\msvcp_win.dll
0x00007ffccc020000 - 0x00007ffccc11a000 	C:\WINDOWS\System32\ucrtbase.dll
0x00007ffcb6b90000 - 0x00007ffcb6df9000 	C:\WINDOWS\WinSxS\amd64_microsoft.windows.common-controls_6595b64144ccf1df_6.0.17134.81_none_b4b229fe3cb4cfa3\COMCTL32.dll
0x00007ffccd5a0000 - 0x00007ffccd8c3000 	C:\WINDOWS\System32\combase.dll
0x00007ffccc320000 - 0x00007ffccc39a000 	C:\WINDOWS\System32\bcryptPrimitives.dll
0x00007ffccda50000 - 0x00007ffccda7d000 	C:\WINDOWS\System32\IMM32.DLL
0x00007ffccae80000 - 0x00007ffccaeb1000 	C:\WINDOWS\SYSTEM32\ntmarta.dll
0x00007ffccbbb0000 - 0x00007ffccbbe0000 	C:\WINDOWS\SYSTEM32\SspiCli.dll
0x000000005b470000 - 0x000000005b541000 	C:\Program Files\Java\jdk1.8.0_162\jre\bin\msvcr100.dll
0x000000005b550000 - 0x000000005bdf0000 	C:\Program Files\Java\jdk1.8.0_162\jre\bin\server\jvm.dll
0x00007ffccdcb0000 - 0x00007ffccdcb8000 	C:\WINDOWS\System32\PSAPI.DLL
0x00007ffcbab00000 - 0x00007ffcbab09000 	C:\WINDOWS\SYSTEM32\WSOCK32.dll
0x00007ffccf670000 - 0x00007ffccf6dc000 	C:\WINDOWS\System32\WS2_32.dll
0x00007ffcbb3d0000 - 0x00007ffcbb3f3000 	C:\WINDOWS\SYSTEM32\WINMM.dll
0x00007ffcc66d0000 - 0x00007ffcc66da000 	C:\WINDOWS\SYSTEM32\VERSION.dll
0x00007ffcbb3a0000 - 0x00007ffcbb3ca000 	C:\WINDOWS\SYSTEM32\winmmbase.dll
0x00007ffccbd40000 - 0x00007ffccbd89000 	C:\WINDOWS\System32\cfgmgr32.dll
0x000000005dac0000 - 0x000000005dacf000 	C:\Program Files\Java\jdk1.8.0_162\jre\bin\verify.dll
0x000000005da90000 - 0x000000005dab9000 	C:\Program Files\Java\jdk1.8.0_162\jre\bin\java.dll
0x000000005da70000 - 0x000000005da86000 	C:\Program Files\Java\jdk1.8.0_162\jre\bin\zip.dll
0x00007ffccdd40000 - 0x00007ffccf180000 	C:\WINDOWS\System32\SHELL32.dll
0x00007ffccf6e0000 - 0x00007ffccf789000 	C:\WINDOWS\System32\shcore.dll
0x00007ffccc620000 - 0x00007ffcccd2d000 	C:\WINDOWS\System32\windows.storage.dll
0x00007ffccd310000 - 0x00007ffccd361000 	C:\WINDOWS\System32\shlwapi.dll
0x00007ffccbcd0000 - 0x00007ffccbce1000 	C:\WINDOWS\System32\kernel.appcore.dll
0x00007ffccbcb0000 - 0x00007ffccbccf000 	C:\WINDOWS\System32\profapi.dll
0x00007ffccbcf0000 - 0x00007ffccbd3c000 	C:\WINDOWS\System32\powrprof.dll
0x00007ffccbc80000 - 0x00007ffccbc8a000 	C:\WINDOWS\System32\FLTLIB.DLL
0x000000005b270000 - 0x000000005b408000 	C:\Program Files\Java\jdk1.8.0_162\jre\bin\awt.dll
0x00007ffccd470000 - 0x00007ffccd532000 	C:\WINDOWS\System32\OLEAUT32.dll
0x00007ffcc9500000 - 0x00007ffcc958b000 	C:\WINDOWS\SYSTEM32\apphelp.dll
0x00007ffcca280000 - 0x00007ffcca318000 	C:\WINDOWS\system32\uxtheme.dll
0x00007ffccd8d0000 - 0x00007ffccda45000 	C:\WINDOWS\System32\MSCTF.dll
0x00007ffcca390000 - 0x00007ffcca3b9000 	C:\WINDOWS\system32\dwmapi.dll
0x00007ffccd1b0000 - 0x00007ffccd301000 	C:\WINDOWS\System32\ole32.dll
0x000000005db70000 - 0x000000005dbb7000 	C:\Program Files\Java\jdk1.8.0_162\jre\bin\fontmanager.dll
0x00007ffcc40b0000 - 0x00007ffcc41d0000 	C:\WINDOWS\system32\opengl32.dll
0x00007ffcc4080000 - 0x00007ffcc40ac000 	C:\WINDOWS\SYSTEM32\GLU32.dll
0x000000005b430000 - 0x000000005b44a000 	C:\Program Files\Java\jdk1.8.0_162\jre\bin\net.dll
0x00007ffccb4a0000 - 0x00007ffccb506000 	C:\WINDOWS\system32\mswsock.dll
0x000000005b410000 - 0x000000005b421000 	C:\Program Files\Java\jdk1.8.0_162\jre\bin\nio.dll
0x000000005db20000 - 0x000000005db62000 	C:\Program Files\Java\jdk1.8.0_162\jre\bin\t2k.dll
0x000000001c250000 - 0x000000001c253000 	C:\Program Files\Java\jdk1.8.0_162\jre\bin\api-ms-win-core-console-l1-1-0.dll
0x000000001c260000 - 0x000000001c263000 	C:\Program Files\Java\jdk1.8.0_162\jre\bin\api-ms-win-core-datetime-l1-1-0.dll
0x000000001c270000 - 0x000000001c273000 	C:\Program Files\Java\jdk1.8.0_162\jre\bin\api-ms-win-core-debug-l1-1-0.dll
0x000000001c280000 - 0x000000001c283000 	C:\Program Files\Java\jdk1.8.0_162\jre\bin\api-ms-win-core-errorhandling-l1-1-0.dll
0x000000001c290000 - 0x000000001c294000 	C:\Program Files\Java\jdk1.8.0_162\jre\bin\api-ms-win-core-file-l1-1-0.dll
0x000000001c2a0000 - 0x000000001c2a3000 	C:\Program Files\Java\jdk1.8.0_162\jre\bin\api-ms-win-core-file-l1-2-0.dll
0x000000001c2b0000 - 0x000000001c2b3000 	C:\Program Files\Java\jdk1.8.0_162\jre\bin\api-ms-win-core-file-l2-1-0.dll
0x000000001c2c0000 - 0x000000001c2c3000 	C:\Program Files\Java\jdk1.8.0_162\jre\bin\api-ms-win-core-handle-l1-1-0.dll
0x000000001c2d0000 - 0x000000001c2d3000 	C:\Program Files\Java\jdk1.8.0_162\jre\bin\api-ms-win-core-heap-l1-1-0.dll
0x000000001c2e0000 - 0x000000001c2e3000 	C:\Program Files\Java\jdk1.8.0_162\jre\bin\api-ms-win-core-interlocked-l1-1-0.dll
0x000000001c2f0000 - 0x000000001c2f3000 	C:\Program Files\Java\jdk1.8.0_162\jre\bin\api-ms-win-core-libraryloader-l1-1-0.dll
0x000000001c300000 - 0x000000001c303000 	C:\Program Files\Java\jdk1.8.0_162\jre\bin\api-ms-win-core-localization-l1-2-0.dll
0x000000001c310000 - 0x000000001c313000 	C:\Program Files\Java\jdk1.8.0_162\jre\bin\api-ms-win-core-memory-l1-1-0.dll
0x000000001dc20000 - 0x000000001dc23000 	C:\Program Files\Java\jdk1.8.0_162\jre\bin\api-ms-win-core-namedpipe-l1-1-0.dll
0x000000001dc30000 - 0x000000001dc33000 	C:\Program Files\Java\jdk1.8.0_162\jre\bin\api-ms-win-core-processenvironment-l1-1-0.dll
0x000000001dc40000 - 0x000000001dc43000 	C:\Program Files\Java\jdk1.8.0_162\jre\bin\api-ms-win-core-processthreads-l1-1-0.dll
0x000000001dc50000 - 0x000000001dc53000 	C:\Program Files\Java\jdk1.8.0_162\jre\bin\api-ms-win-core-processthreads-l1-1-1.dll
0x000000001dc60000 - 0x000000001dc63000 	C:\Program Files\Java\jdk1.8.0_162\jre\bin\api-ms-win-core-profile-l1-1-0.dll
0x000000001dc70000 - 0x000000001dc73000 	C:\Program Files\Java\jdk1.8.0_162\jre\bin\api-ms-win-core-rtlsupport-l1-1-0.dll
0x000000001dc80000 - 0x000000001dc83000 	C:\Program Files\Java\jdk1.8.0_162\jre\bin\api-ms-win-core-string-l1-1-0.dll
0x000000001dc90000 - 0x000000001dc93000 	C:\Program Files\Java\jdk1.8.0_162\jre\bin\api-ms-win-core-synch-l1-1-0.dll
0x000000001dca0000 - 0x000000001dca3000 	C:\Program Files\Java\jdk1.8.0_162\jre\bin\api-ms-win-core-synch-l1-2-0.dll
0x000000001dcb0000 - 0x000000001dcb3000 	C:\Program Files\Java\jdk1.8.0_162\jre\bin\api-ms-win-core-sysinfo-l1-1-0.dll
0x000000001dcc0000 - 0x000000001dcc3000 	C:\Program Files\Java\jdk1.8.0_162\jre\bin\api-ms-win-core-timezone-l1-1-0.dll
0x000000001dcd0000 - 0x000000001dcd3000 	C:\Program Files\Java\jdk1.8.0_162\jre\bin\api-ms-win-core-util-l1-1-0.dll
0x000000001dce0000 - 0x000000001dce3000 	C:\Program Files\Java\jdk1.8.0_162\jre\bin\api-ms-win-crt-conio-l1-1-0.dll
0x000000001dcf0000 - 0x000000001dcf4000 	C:\Program Files\Java\jdk1.8.0_162\jre\bin\api-ms-win-crt-convert-l1-1-0.dll
0x000000001dd00000 - 0x000000001dd03000 	C:\Program Files\Java\jdk1.8.0_162\jre\bin\api-ms-win-crt-environment-l1-1-0.dll
0x000000001dd10000 - 0x000000001dd13000 	C:\Program Files\Java\jdk1.8.0_162\jre\bin\api-ms-win-crt-filesystem-l1-1-0.dll
0x000000001dd20000 - 0x000000001dd23000 	C:\Program Files\Java\jdk1.8.0_162\jre\bin\api-ms-win-crt-heap-l1-1-0.dll
0x000000001dd30000 - 0x000000001dd33000 	C:\Program Files\Java\jdk1.8.0_162\jre\bin\api-ms-win-crt-locale-l1-1-0.dll
0x000000001dd40000 - 0x000000001dd45000 	C:\Program Files\Java\jdk1.8.0_162\jre\bin\api-ms-win-crt-math-l1-1-0.dll
0x000000001dd50000 - 0x000000001dd55000 	C:\Program Files\Java\jdk1.8.0_162\jre\bin\api-ms-win-crt-multibyte-l1-1-0.dll
0x000000001dd60000 - 0x000000001dd70000 	C:\Program Files\Java\jdk1.8.0_162\jre\bin\api-ms-win-crt-private-l1-1-0.dll
0x000000001dd70000 - 0x000000001dd73000 	C:\Program Files\Java\jdk1.8.0_162\jre\bin\api-ms-win-crt-process-l1-1-0.dll
0x000000001dd80000 - 0x000000001dd84000 	C:\Program Files\Java\jdk1.8.0_162\jre\bin\api-ms-win-crt-runtime-l1-1-0.dll
0x000000001dd90000 - 0x000000001dd94000 	C:\Program Files\Java\jdk1.8.0_162\jre\bin\api-ms-win-crt-stdio-l1-1-0.dll
0x000000001dda0000 - 0x000000001dda4000 	C:\Program Files\Java\jdk1.8.0_162\jre\bin\api-ms-win-crt-string-l1-1-0.dll
0x000000001ddb0000 - 0x000000001ddb3000 	C:\Program Files\Java\jdk1.8.0_162\jre\bin\api-ms-win-crt-time-l1-1-0.dll
0x000000001ddc0000 - 0x000000001ddc3000 	C:\Program Files\Java\jdk1.8.0_162\jre\bin\api-ms-win-crt-utility-l1-1-0.dll
0x00007ffcac920000 - 0x00007ffcaca16000 	C:\Program Files\Java\jdk1.8.0_162\jre\bin\ucrtbase.dll
0x00007ffcb6b30000 - 0x00007ffcb6b81000 	C:\Program Files\Java\jdk1.8.0_162\jre\bin\concrt140.dll
0x00007ffcc3350000 - 0x00007ffcc3366000 	C:\Program Files\Java\jdk1.8.0_162\jre\bin\VCRUNTIME140.dll
0x00007ffcac160000 - 0x00007ffcac1fc000 	C:\Program Files\Java\jdk1.8.0_162\jre\bin\MSVCP140.dll
0x000000005c390000 - 0x000000005c3b3000 	C:\Program Files\Java\jdk1.8.0_162\jre\bin\prism_d3d.dll
0x00007ffcc5d60000 - 0x00007ffcc5ef7000 	C:\WINDOWS\system32\d3d9.dll
0x00007ffc82680000 - 0x00007ffc8638b000 	C:\WINDOWS\System32\DriverStore\FileRepository\igdlh64.inf_amd64_d7d738457dbea1f2\igdumdim64.dll
0x00007ffccf180000 - 0x00007ffccf5cb000 	C:\WINDOWS\System32\SETUPAPI.dll
0x000000005c340000 - 0x000000005c389000 	C:\Program Files\Java\jdk1.8.0_162\jre\bin\glass.dll
0x00007ffcccf30000 - 0x00007ffccd01d000 	C:\WINDOWS\System32\COMDLG32.dll
0x00007ffca4140000 - 0x00007ffca574c000 	C:\WINDOWS\System32\DriverStore\FileRepository\igdlh64.inf_amd64_d7d738457dbea1f2\igc64.dll
0x00007ffcc57c0000 - 0x00007ffcc5858000 	C:\WINDOWS\System32\TextInputFramework.dll
0x00007ffcc7ab0000 - 0x00007ffcc7dce000 	C:\WINDOWS\System32\CoreUIComponents.dll
0x00007ffcc9840000 - 0x00007ffcc991a000 	C:\WINDOWS\System32\CoreMessaging.dll
0x00007ffcc7960000 - 0x00007ffcc7aad000 	C:\WINDOWS\SYSTEM32\wintypes.dll
0x00000000581f0000 - 0x000000005b26d000 	C:\Program Files\Java\jdk1.8.0_162\jre\bin\jfxwebkit.dll
0x00007ffccb650000 - 0x00007ffccb667000 	C:\WINDOWS\SYSTEM32\CRYPTSP.dll
0x00007ffccb080000 - 0x00007ffccb0b3000 	C:\WINDOWS\system32\rsaenh.dll
0x00007ffccb780000 - 0x00007ffccb7a5000 	C:\WINDOWS\SYSTEM32\bcrypt.dll
0x00007ffccb670000 - 0x00007ffccb67b000 	C:\WINDOWS\SYSTEM32\CRYPTBASE.dll
0x000000005c320000 - 0x000000005c334000 	C:\Program Files\Java\jdk1.8.0_162\jre\bin\javafx_font.dll
0x00007ffcbfe20000 - 0x00007ffcc013c000 	C:\WINDOWS\SYSTEM32\dwrite.dll
0x00007ffccf840000 - 0x00007ffccf8e0000 	C:\WINDOWS\System32\clbcatq.dll
0x00007ffcc9cf0000 - 0x00007ffcc9e9e000 	C:\WINDOWS\SYSTEM32\WindowsCodecs.dll
0x00007ffcc5630000 - 0x00007ffcc5688000 	C:\WINDOWS\system32\dataexchange.dll
0x00007ffcc8b40000 - 0x00007ffcc8e4b000 	C:\WINDOWS\system32\d3d11.dll
0x00007ffcc9240000 - 0x00007ffcc93dc000 	C:\WINDOWS\system32\dcomp.dll
0x00007ffcca9f0000 - 0x00007ffccaaab000 	C:\WINDOWS\system32\dxgi.dll
0x00007ffcc5f30000 - 0x00007ffcc60e8000 	C:\WINDOWS\system32\twinapi.appcore.dll
0x00007ffcc5f00000 - 0x00007ffcc5f21000 	C:\WINDOWS\system32\RMCLIENT.dll
0x000000005c4c0000 - 0x000000005c4e4000 	C:\Program Files\Java\jdk1.8.0_162\jre\bin\sunec.dll
0x000000005c2f0000 - 0x000000005c313000 	C:\Program Files\Java\jdk1.8.0_162\jre\bin\javafx_iio.dll
0x00007ffccb220000 - 0x00007ffccb258000 	C:\WINDOWS\SYSTEM32\IPHLPAPI.DLL
0x00007ffccd460000 - 0x00007ffccd468000 	C:\WINDOWS\System32\NSI.dll

VM Arguments:
jvm_args: -Dfile.encoding=UTF-8 
java_command: desktopapp.MainFrame
java_class_path (initial): C:\Program Files\NetBeans 8.2\java\modules\ext\AbsoluteLayout.jar;C:\Users\JasminRose\Documents\GitHub\cs813p\Client\DesktopApp\swingx-all-1.6.5.jar;C:\Users\JasminRose\Documents\GitHub\cs813p\Client\DesktopApp\build\classes
Launcher Type: SUN_STANDARD

Environment Variables:
JAVA_HOME=C:\Program Files\Java\jdk1.8.0_162
PATH=C:\Program Files (x86)\Common Files\Oracle\Java\javapath;C:\ProgramData\Oracle\Java\javapath;C:\Program Files (x86)\Intel\iCLS Client\;C:\Program Files\Intel\iCLS Client\;C:\Windows\system32;C:\Windows;C:\Windows\System32\Wbem;C:\Windows\System32\WindowsPowerShell\v1.0\;C:\Program Files (x86)\NVIDIA Corporation\PhysX\Common;C:\Program Files (x86)\Intel\Intel(R) Management Engine Components\DAL;C:\Program Files\Intel\Intel(R) Management Engine Components\DAL;C:\Program Files (x86)\Intel\Intel(R) Management Engine Components\IPT;C:\Program Files\Intel\Intel(R) Management Engine Components\IPT;C:\Program Files\nodejs\;C:\Program Files\Git\cmd;C:\Users\JasminRose\AppData\Local\Android\Sdk\platform-tools\;C:\Program Files (x86)\GtkSharp\2.12\bin;C:\Program Files\MySQL\MySQL Utilities 1.6\;C:\Program Files\dotnet\;C:\Program Files\Microsoft SQL Server\130\Tools\Binn\;C:\apache-jmeter-4.0\bin;;%SystemRoot%\system32;%SystemRoot%;%SystemRoot%\System32\Wbem;%SYSTEMROOT%\System32\WindowsPowerShell\v1.0\;%SYSTEMROOT%\System32\OpenSSH\;C:\Users\JasminRose\AppData\Local\Microsoft\WindowsApps;C:\Users\JasminRose\AppData\Roaming\npm;C:\Program Files\Microsoft VS Code\bin;C:\Users\JasminRose\AppData\Local\GitHubDesktop\bin;;%USERPROFILE%\AppData\Local\Microsoft\WindowsApps
USERNAME=Jasmin Rose
OS=Windows_NT
PROCESSOR_IDENTIFIER=Intel64 Family 6 Model 142 Stepping 9, GenuineIntel



---------------  S Y S T E M  ---------------

OS: Windows 10.0 , 64 bit Build 17134 (10.0.17134.1)

CPU:total 4 (initial active 4) (2 cores per cpu, 2 threads per core) family 6 model 142 stepping 9, cmov, cx8, fxsr, mmx, sse, sse2, sse3, ssse3, sse4.1, sse4.2, popcnt, avx, avx2, aes, clmul, erms, 3dnowpref, lzcnt, ht, tsc, tscinvbit, bmi1, bmi2, adx

Memory: 4k page, physical 12463120k(5590548k free), swap 14953488k(5082852k free)

vm_info: Java HotSpot(TM) 64-Bit Server VM (25.162-b12) for windows-amd64 JRE (1.8.0_162-b12), built on Dec 19 2017 20:00:03 by "java_re" with MS VC++ 10.0 (VS2010)

time: Wed Jun 06 10:16:53 2018
elapsed time: 51 seconds (0d 0h 0m 51s)

